[0710/183904:ERROR:ipc_channel_win.cc(217)] pipe error: 109
[0710/184500:ERROR:ipc_channel_win.cc(519)] pipe error: 232
[0710/185928:ERROR:ipc_channel_win.cc(519)] pipe error: 232
[0710/190049:ERROR:ipc_channel_win.cc(519)] pipe error: 232
[0710/190212:ERROR:ipc_channel_win.cc(519)] pipe error: 232
[0710/191313:ERROR:ipc_channel_win.cc(519)] pipe error: 232
[0710/192523:ERROR:ipc_channel_win.cc(519)] pipe error: 232
[0713/091800:ERROR:ipc_channel_win.cc(217)] pipe error: 109
[0713/091856:ERROR:ipc_channel_win.cc(217)] pipe error: 109
[0713/134210:FATAL:memory.cc(19)] Out of memory. size=4915200
[0713/134210:ERROR:gles2_cmd_decoder.cc(13997)] [.CommandBufferContext.RenderWorker-000001FD4216A0D0]GL ERROR :GL_INVALID_VALUE : glCopySubTextureCHROMIUM: source texture has no level 0
[0713/134210:ERROR:gles2_cmd_decoder.cc(13997)] [.CommandBufferContext.RenderWorker-000001FD4216A0D0]GL ERROR :GL_INVALID_VALUE : glCopySubTextureCHROMIUM: source texture has no level 0
[0713/134210:ERROR:gles2_cmd_decoder.cc(13997)] [.CommandBufferContext.RenderWorker-000001FD4216A0D0]GL ERROR :GL_INVALID_VALUE : glCopySubTextureCHROMIUM: source texture has no level 0
[0713/134210:ERROR:gles2_cmd_decoder.cc(13997)] [.CommandBufferContext.RenderWorker-000001FD4216A0D0]GL ERROR :GL_INVALID_VALUE : glCopySubTextureCHROMIUM: source texture has no level 0
[0713/134210:ERROR:gles2_cmd_decoder.cc(13997)] [.CommandBufferContext.RenderWorker-000001FD4216A0D0]GL ERROR :GL_INVALID_VALUE : glCopySubTextureCHROMIUM: source texture has no level 0
[0713/134210:ERROR:gles2_cmd_decoder.cc(13997)] [.CommandBufferContext.RenderWorker-000001FD4216A0D0]GL ERROR :GL_INVALID_VALUE : glCopySubTextureCHROMIUM: source texture has no level 0
[0713/134210:ERROR:gles2_cmd_decoder.cc(13997)] [.CommandBufferContext.RenderWorker-000001FD4216A0D0]GL ERROR :GL_INVALID_VALUE : glCopySubTextureCHROMIUM: source texture has no level 0
[0713/134210:ERROR:gles2_cmd_decoder.cc(13997)] [.CommandBufferContext.RenderWorker-000001FD4216A0D0]GL ERROR :GL_INVALID_VALUE : glCopySubTextureCHROMIUM: source texture has no level 0
[0713/134210:ERROR:gles2_cmd_decoder.cc(13997)] [.CommandBufferContext.RenderWorker-000001FD4216A0D0]GL ERROR :GL_INVALID_VALUE : glCopySubTextureCHROMIUM: source texture has no level 0
[0713/134210:ERROR:gles2_cmd_decoder.cc(13997)] [.CommandBufferContext.RenderWorker-000001FD4216A0D0]GL ERROR :GL_INVALID_VALUE : glCopySubTextureCHROMIUM: source texture has no level 0
[0713/134210:ERROR:gles2_cmd_decoder.cc(13997)] [.CommandBufferContext.RenderWorker-000001FD4216A0D0]GL ERROR :GL_INVALID_VALUE : glCopySubTextureCHROMIUM: source texture has no level 0
[0713/134210:ERROR:gles2_cmd_decoder.cc(13997)] [.CommandBufferContext.RenderWorker-000001FD4216A0D0]GL ERROR :GL_INVALID_VALUE : glCopySubTextureCHROMIUM: source texture has no level 0
[0713/134210:ERROR:gles2_cmd_decoder.cc(13997)] [.CommandBufferContext.RenderWorker-000001FD4216A0D0]GL ERROR :GL_INVALID_VALUE : glCopySubTextureCHROMIUM: source texture has no level 0
[0713/134210:ERROR:gles2_cmd_decoder.cc(13997)] [.CommandBufferContext.RenderWorker-000001FD4216A0D0]GL ERROR :GL_INVALID_VALUE : glCopySubTextureCHROMIUM: source texture has no level 0
[0713/134210:ERROR:gles2_cmd_decoder.cc(13997)] [.CommandBufferContext.RenderWorker-000001FD4216A0D0]GL ERROR :GL_INVALID_VALUE : glCopySubTextureCHROMIUM: source texture has no level 0
[0713/134210:ERROR:gles2_cmd_decoder.cc(13997)] [.CommandBufferContext.RenderWorker-000001FD4216A0D0]GL ERROR :GL_INVALID_VALUE : glCopySubTextureCHROMIUM: source texture has no level 0
[0713/134210:ERROR:gles2_cmd_decoder.cc(13997)] [.CommandBufferContext.RenderWorker-000001FD4216A0D0]GL ERROR :GL_INVALID_VALUE : glCopySubTextureCHROMIUM: source texture has no level 0
[0713/134210:ERROR:gles2_cmd_decoder.cc(13997)] [.CommandBufferContext.RenderWorker-000001FD4216A0D0]GL ERROR :GL_INVALID_VALUE : glCopySubTextureCHROMIUM: source texture has no level 0
[0713/134210:ERROR:gles2_cmd_decoder.cc(13997)] [.CommandBufferContext.RenderWorker-000001FD4216A0D0]GL ERROR :GL_INVALID_VALUE : glCopySubTextureCHROMIUM: source texture has no level 0
[0713/140703:ERROR:ipc_channel_win.cc(217)] pipe error: 109
[0713/143623:ERROR:ipc_channel_win.cc(217)] pipe error: 109
[0817/162817:WARNING:render_frame_host_impl.cc(1809)] OnDidStopLoading was called twice.
[0817/163212:ERROR:ipc_channel_win.cc(217)] pipe error: 109
[0817/171207:WARNING:render_frame_host_impl.cc(1809)] OnDidStopLoading was called twice.
[0817/171954:ERROR:ipc_channel_win.cc(217)] pipe error: 109
[0817/172647:WARNING:render_frame_host_impl.cc(1809)] OnDidStopLoading was called twice.
[0817/172758:ERROR:ipc_channel_win.cc(217)] pipe error: 109
[0817/172842:WARNING:render_frame_host_impl.cc(1809)] OnDidStopLoading was called twice.
[0817/172957:ERROR:ipc_channel_win.cc(519)] pipe error: 232
[0817/173803:WARNING:render_frame_host_impl.cc(1809)] OnDidStopLoading was called twice.
[0817/173934:ERROR:ipc_channel_win.cc(519)] pipe error: 232
[0817/174429:ERROR:ipc_channel_win.cc(217)] pipe error: 109
[0817/174548:ERROR:ipc_channel_win.cc(217)] pipe error: 109
[0817/180032:ERROR:ipc_channel_win.cc(217)] pipe error: 109
[0817/180754:ERROR:ipc_channel_win.cc(217)] pipe error: 109
[0818/090914:WARNING:render_frame_host_impl.cc(1809)] OnDidStopLoading was called twice.
[0818/092031:WARNING:render_frame_host_impl.cc(1809)] OnDidStopLoading was called twice.
[0818/092050:ERROR:ipc_channel_win.cc(217)] pipe error: 109
[0818/092654:WARNING:render_frame_host_impl.cc(1809)] OnDidStopLoading was called twice.
[0818/095303:WARNING:render_frame_host_impl.cc(1809)] OnDidStopLoading was called twice.
[0916/105844:ERROR:ipc_channel_win.cc(217)] pipe error: 109
[0916/110311:WARNING:render_frame_host_impl.cc(1809)] OnDidStopLoading was called twice.
[0916/110630:WARNING:render_frame_host_impl.cc(1809)] OnDidStopLoading was called twice.
[1016/113347:WARNING:render_frame_host_impl.cc(1809)] OnDidStopLoading was called twice.
[1027/144642:ERROR:ipc_channel_win.cc(217)] pipe error: 109
[1027/145025:WARNING:render_frame_host_impl.cc(1809)] OnDidStopLoading was called twice.
[1027/145311:ERROR:ipc_channel_win.cc(217)] pipe error: 109
[1027/152851:ERROR:ipc_channel_win.cc(217)] pipe error: 109
[1027/153138:WARNING:render_frame_host_impl.cc(1809)] OnDidStopLoading was called twice.
[1027/153658:ERROR:ipc_channel_win.cc(217)] pipe error: 109
[1027/154418:WARNING:render_frame_host_impl.cc(1809)] OnDidStopLoading was called twice.
[1027/154536:ERROR:ipc_channel_win.cc(217)] pipe error: 109
[1027/154830:WARNING:render_frame_host_impl.cc(1809)] OnDidStopLoading was called twice.
[1027/155225:ERROR:ipc_channel_win.cc(217)] pipe error: 109
[1027/160106:ERROR:ipc_channel_win.cc(217)] pipe error: 109
[1027/160230:WARNING:render_frame_host_impl.cc(1809)] OnDidStopLoading was called twice.
[1027/160956:ERROR:ipc_channel_win.cc(217)] pipe error: 109
[1027/173929:WARNING:render_frame_host_impl.cc(1809)] OnDidStopLoading was called twice.
[1027/174539:ERROR:ipc_channel_win.cc(217)] pipe error: 109
[1028/112248:WARNING:render_frame_host_impl.cc(1809)] OnDidStopLoading was called twice.
[1028/115005:WARNING:render_frame_host_impl.cc(1809)] OnDidStopLoading was called twice.
[1028/115456:WARNING:render_frame_host_impl.cc(1809)] OnDidStopLoading was called twice.
[1028/115703:WARNING:render_frame_host_impl.cc(1809)] OnDidStopLoading was called twice.
[1028/115907:WARNING:render_frame_host_impl.cc(1809)] OnDidStopLoading was called twice.
[1028/135432:WARNING:render_frame_host_impl.cc(1809)] OnDidStopLoading was called twice.
[1028/140455:WARNING:render_frame_host_impl.cc(1809)] OnDidStopLoading was called twice.
[1028/140742:WARNING:render_frame_host_impl.cc(1809)] OnDidStopLoading was called twice.
[1028/140917:WARNING:render_frame_host_impl.cc(1809)] OnDidStopLoading was called twice.
[1028/141103:ERROR:ssl_client_socket_openssl.cc(1132)] handshake failed; returned -1, SSL error code 1, net_error -101
[1028/141125:WARNING:render_frame_host_impl.cc(1809)] OnDidStopLoading was called twice.
[1028/141403:ERROR:ssl_client_socket_openssl.cc(1132)] handshake failed; returned -1, SSL error code 1, net_error -101
[1028/141403:ERROR:ssl_client_socket_openssl.cc(1132)] handshake failed; returned -1, SSL error code 1, net_error -101
[1028/141411:WARNING:render_frame_host_impl.cc(1809)] OnDidStopLoading was called twice.
[1028/141648:WARNING:render_frame_host_impl.cc(1809)] OnDidStopLoading was called twice.
[1028/142329:WARNING:render_frame_host_impl.cc(1809)] OnDidStopLoading was called twice.
[1028/142717:WARNING:render_frame_host_impl.cc(1809)] OnDidStopLoading was called twice.
[1028/155826:WARNING:render_frame_host_impl.cc(1809)] OnDidStopLoading was called twice.
[1028/155933:WARNING:render_frame_host_impl.cc(1809)] OnDidStopLoading was called twice.
[1028/160307:ERROR:ipc_channel_win.cc(217)] pipe error: 109
[0206/134054:WARNING:render_frame_host_impl.cc(1809)] OnDidStopLoading was called twice.
[0206/134631:WARNING:render_frame_host_impl.cc(1809)] OnDidStopLoading was called twice.
[0206/135231:WARNING:render_frame_host_impl.cc(1809)] OnDidStopLoading was called twice.
[0330/134158:WARNING:render_frame_host_impl.cc(1809)] OnDidStopLoading was called twice.
[0330/134432:WARNING:render_frame_host_impl.cc(1809)] OnDidStopLoading was called twice.
[0330/134556:ERROR:ipc_channel_win.cc(217)] pipe error: 109
[0330/135016:WARNING:render_frame_host_impl.cc(1809)] OnDidStopLoading was called twice.
[0330/135459:WARNING:render_frame_host_impl.cc(1809)] OnDidStopLoading was called twice.
[0330/141322:WARNING:render_frame_host_impl.cc(1809)] OnDidStopLoading was called twice.
[0330/142814:ERROR:ipc_channel_win.cc(217)] pipe error: 109
[0330/143046:WARNING:render_frame_host_impl.cc(1809)] OnDidStopLoading was called twice.
[0330/143826:ERROR:ipc_channel_win.cc(217)] pipe error: 109
[0330/143943:WARNING:render_frame_host_impl.cc(1809)] OnDidStopLoading was called twice.
[0330/144022:ERROR:ipc_channel_win.cc(217)] pipe error: 109
[0330/144122:WARNING:render_frame_host_impl.cc(1809)] OnDidStopLoading was called twice.
[0330/144556:WARNING:render_frame_host_impl.cc(1809)] OnDidStopLoading was called twice.
[0330/145042:ERROR:ipc_channel_win.cc(217)] pipe error: 109
[0330/145658:WARNING:render_frame_host_impl.cc(1809)] OnDidStopLoading was called twice.
[0330/150311:ERROR:ipc_channel_win.cc(217)] pipe error: 109
[0330/151209:WARNING:render_frame_host_impl.cc(1809)] OnDidStopLoading was called twice.
[0330/151821:WARNING:render_frame_host_impl.cc(1809)] OnDidStopLoading was called twice.
[0330/151830:ERROR:ipc_channel_win.cc(217)] pipe error: 109
[0330/151834:ERROR:ipc_channel_win.cc(217)] pipe error: 109
[0330/151919:WARNING:render_frame_host_impl.cc(1809)] OnDidStopLoading was called twice.
[0330/152032:ERROR:ipc_channel_win.cc(217)] pipe error: 109
[0330/152212:WARNING:render_frame_host_impl.cc(1809)] OnDidStopLoading was called twice.
[0330/152342:ERROR:ipc_channel_win.cc(217)] pipe error: 109
[0330/152443:WARNING:render_frame_host_impl.cc(1809)] OnDidStopLoading was called twice.
[0330/153211:ERROR:ipc_channel_win.cc(217)] pipe error: 109
[0406/152803:WARNING:render_frame_host_impl.cc(1809)] OnDidStopLoading was called twice.
[0406/153212:WARNING:render_frame_host_impl.cc(1809)] OnDidStopLoading was called twice.
[0406/153535:WARNING:render_frame_host_impl.cc(1809)] OnDidStopLoading was called twice.
